############################################################
# Oracle Docker DBインスタンス再起動
############################################################

#アイドル・インスタンスに接続しました
https://cosol.jp/knowledge/knowledge_post/ot0054_idle_instance/

#NLS_LANG、ORACLE_HOME、ORACLE_SID などの設定を調べるには
https://www.shift-the-oracle.com/config/show-environment-variable.html

1.sqlplus SYS/Oracle12@ORCLCDB as SYSDBA で　shutdown immediate

2.環境変数ORACLE_SIDを確認し、対象のサービス名が設定されているか確認。（ORCLCDB）

3.sqlplus / as SYSDBA で接続

4.対象SIDのアイドル・インスタンスに接続できることを確認し、startupを実行

-----------
[oracle@2ef701c8f97f ~]$ ORACLE_SID=orcl
[oracle@2ef701c8f97f ~]$ export ORACLE_SID
[oracle@2ef701c8f97f ~]$
[oracle@2ef701c8f97f ~]$ env
CONFIG_RSP=dbca.rsp.tmpl
INSTALL_RSP=db_inst.rsp
HOSTNAME=2ef701c8f97f
TERM=xterm
INSTALL_DIR=/opt/install
LS_COLORS=rs=0:di=01;34:ln=01;36:mh=00:pi=40;33:so=01;35:do=01;35:bd=40;33;01:cd=40;33;01:or=40;31;01:mi=01;05;37;41:su=37;41:sg=30;43:ca=30;41:tw=30;42:ow=34;42:st=37;44:ex=01;32:*.tar=01;31:*.tgz=01;31:*.arc=01;31:*.arj=01;31:*.taz=01;31:*.lha=01;31:*.lz4=01;31:*.lzh=01;31:*.lzma=01;31:*.tlz=01;31:*.txz=01;31:*.tzo=01;31:*.t7z=01;31:*.zip=01;31:*.z=01;31:*.Z=01;31:*.dz=01;31:*.gz=01;31:*.lrz=01;31:*.lz=01;31:*.lzo=01;31:*.xz=01;31:*.bz2=01;31:*.bz=01;31:*.tbz=01;31:*.tbz2=01;31:*.tz=01;31:*.deb=01;31:*.rpm=01;31:*.jar=01;31:*.war=01;31:*.ear=01;31:*.sar=01;31:*.rar=01;31:*.alz=01;31:*.ace=01;31:*.zoo=01;31:*.cpio=01;31:*.7z=01;31:*.rz=01;31:*.cab=01;31:*.jpg=01;35:*.jpeg=01;35:*.gif=01;35:*.bmp=01;35:*.pbm=01;35:*.pgm=01;35:*.ppm=01;35:*.tga=01;35:*.xbm=01;35:*.xpm=01;35:*.tif=01;35:*.tiff=01;35:*.png=01;35:*.svg=01;35:*.svgz=01;35:*.mng=01;35:*.pcx=01;35:*.mov=01;35:*.mpg=01;35:*.mpeg=01;35:*.m2v=01;35:*.mkv=01;35:*.webm=01;35:*.ogm=01;35:*.mp4=01;35:*.m4v=01;35:*.mp4v=01;35:*.vob=01;35:*.qt=01;35:*.nuv=01;35:*.wmv=01;35:*.asf=01;35:*.rm=01;35:*.rmvb=01;35:*.flc=01;35:*.avi=01;35:*.fli=01;35:*.flv=01;35:*.gl=01;35:*.dl=01;35:*.xcf=01;35:*.xwd=01;35:*.yuv=01;35:*.cgm=01;35:*.emf=01;35:*.axv=01;35:*.anx=01;35:*.ogv=01;35:*.ogx=01;35:*.aac=01;36:*.au=01;36:*.flac=01;36:*.mid=01;36:*.midi=01;36:*.mka=01;36:*.mp3=01;36:*.mpc=01;36:*.ogg=01;36:*.ra=01;36:*.wav=01;36:*.axa=01;36:*.oga=01;36:*.spx=01;36:*.xspf=01;36:
LD_LIBRARY_PATH=/opt/oracle/product/12.2.0.1/dbhome_1/lib:/usr/lib
ORACLE_SID=orcl
SETUP_LINUX_FILE=setupLinuxEnv.sh
CHECK_DB_FILE=checkDBStatus.sh
INSTALL_FILE_1=linuxx64_12201_database.zip
ORACLE_BASE=/opt/oracle
CHECK_SPACE_FILE=checkSpace.sh
ORACLE_PDB=oracle
PATH=/opt/oracle/product/12.2.0.1/dbhome_1/bin:/opt/oracle/product/12.2.0.1/dbhome_1/OPatch/:/usr/sbin:/usr/local/sbin:/usr/local/bin:/usr/sbin:/usr/bin:/sbin:/bin
PWD=/home/oracle
START_FILE=startDB.sh
PWD_FILE=setPassword.sh
RUN_FILE=runOracle.sh
CREATE_DB_FILE=createDB.sh
SHLVL=1
HOME=/home/oracle
USER_SCRIPTS_FILE=runUserScripts.sh
CLASSPATH=/opt/oracle/product/12.2.0.1/dbhome_1/jlib:/opt/oracle/product/12.2.0.1/dbhome_1/rdbms/jlib
ORACLE_PWD=Oracle12
ORACLE_HOME=/opt/oracle/product/12.2.0.1/dbhome_1
INSTALL_DB_BINARIES_FILE=installDBBinaries.sh
_=/usr/bin/env
[oracle@2ef701c8f97f ~]$
[oracle@2ef701c8f97f ~]$
[oracle@2ef701c8f97f ~]$ sqlplus / as sysdba

SQL*Plus: Release 12.2.0.1.0 Production on Mon Sep 14 08:38:49 2020

Copyright (c) 1982, 2016, Oracle.  All rights reserved.

Connected to an idle instance.

SQL>
SQL> startup
ORA-01078: failure in processing system parameters
LRM-00109: could not open parameter file '/opt/oracle/product/12.2.0.1/dbhome_1/dbs/initorcl.ora'
SQL>
SQL> exit
Disconnected
[oracle@2ef701c8f97f ~]$
[oracle@2ef701c8f97f ~]$ ORACLE_SID=ORCLCDB
[oracle@2ef701c8f97f ~]$ env
CONFIG_RSP=dbca.rsp.tmpl
INSTALL_RSP=db_inst.rsp
HOSTNAME=2ef701c8f97f
TERM=xterm
INSTALL_DIR=/opt/install
LS_COLORS=rs=0:di=01;34:ln=01;36:mh=00:pi=40;33:so=01;35:do=01;35:bd=40;33;01:cd=40;33;01:or=40;31;01:mi=01;05;37;41:su=37;41:sg=30;43:ca=30;41:tw=30;42:ow=34;42:st=37;44:ex=01;32:*.tar=01;31:*.tgz=01;31:*.arc=01;31:*.arj=01;31:*.taz=01;31:*.lha=01;31:*.lz4=01;31:*.lzh=01;31:*.lzma=01;31:*.tlz=01;31:*.txz=01;31:*.tzo=01;31:*.t7z=01;31:*.zip=01;31:*.z=01;31:*.Z=01;31:*.dz=01;31:*.gz=01;31:*.lrz=01;31:*.lz=01;31:*.lzo=01;31:*.xz=01;31:*.bz2=01;31:*.bz=01;31:*.tbz=01;31:*.tbz2=01;31:*.tz=01;31:*.deb=01;31:*.rpm=01;31:*.jar=01;31:*.war=01;31:*.ear=01;31:*.sar=01;31:*.rar=01;31:*.alz=01;31:*.ace=01;31:*.zoo=01;31:*.cpio=01;31:*.7z=01;31:*.rz=01;31:*.cab=01;31:*.jpg=01;35:*.jpeg=01;35:*.gif=01;35:*.bmp=01;35:*.pbm=01;35:*.pgm=01;35:*.ppm=01;35:*.tga=01;35:*.xbm=01;35:*.xpm=01;35:*.tif=01;35:*.tiff=01;35:*.png=01;35:*.svg=01;35:*.svgz=01;35:*.mng=01;35:*.pcx=01;35:*.mov=01;35:*.mpg=01;35:*.mpeg=01;35:*.m2v=01;35:*.mkv=01;35:*.webm=01;35:*.ogm=01;35:*.mp4=01;35:*.m4v=01;35:*.mp4v=01;35:*.vob=01;35:*.qt=01;35:*.nuv=01;35:*.wmv=01;35:*.asf=01;35:*.rm=01;35:*.rmvb=01;35:*.flc=01;35:*.avi=01;35:*.fli=01;35:*.flv=01;35:*.gl=01;35:*.dl=01;35:*.xcf=01;35:*.xwd=01;35:*.yuv=01;35:*.cgm=01;35:*.emf=01;35:*.axv=01;35:*.anx=01;35:*.ogv=01;35:*.ogx=01;35:*.aac=01;36:*.au=01;36:*.flac=01;36:*.mid=01;36:*.midi=01;36:*.mka=01;36:*.mp3=01;36:*.mpc=01;36:*.ogg=01;36:*.ra=01;36:*.wav=01;36:*.axa=01;36:*.oga=01;36:*.spx=01;36:*.xspf=01;36:
LD_LIBRARY_PATH=/opt/oracle/product/12.2.0.1/dbhome_1/lib:/usr/lib
ORACLE_SID=ORCLCDB
SETUP_LINUX_FILE=setupLinuxEnv.sh
CHECK_DB_FILE=checkDBStatus.sh
INSTALL_FILE_1=linuxx64_12201_database.zip
ORACLE_BASE=/opt/oracle
CHECK_SPACE_FILE=checkSpace.sh
ORACLE_PDB=oracle
PATH=/opt/oracle/product/12.2.0.1/dbhome_1/bin:/opt/oracle/product/12.2.0.1/dbhome_1/OPatch/:/usr/sbin:/usr/local/sbin:/usr/local/bin:/usr/sbin:/usr/bin:/sbin:/bin
PWD=/home/oracle
START_FILE=startDB.sh
PWD_FILE=setPassword.sh
RUN_FILE=runOracle.sh
CREATE_DB_FILE=createDB.sh
SHLVL=1
HOME=/home/oracle
USER_SCRIPTS_FILE=runUserScripts.sh
CLASSPATH=/opt/oracle/product/12.2.0.1/dbhome_1/jlib:/opt/oracle/product/12.2.0.1/dbhome_1/rdbms/jlib
ORACLE_PWD=Oracle12
ORACLE_HOME=/opt/oracle/product/12.2.0.1/dbhome_1
INSTALL_DB_BINARIES_FILE=installDBBinaries.sh
_=/usr/bin/env
[oracle@2ef701c8f97f ~]$
[oracle@2ef701c8f97f ~]$
[oracle@2ef701c8f97f ~]$ sqlplus / as sysdba

SQL*Plus: Release 12.2.0.1.0 Production on Mon Sep 14 08:41:21 2020

Copyright (c) 1982, 2016, Oracle.  All rights reserved.

Connected to an idle instance.

SQL>
SQL>
SQL> startup
ORACLE instance started.

Total System Global Area 1610612736 bytes
Fixed Size                  8793304 bytes
Variable Size             520094504 bytes
Database Buffers         1073741824 bytes
Redo Buffers                7983104 bytes
Database mounted.
Database opened.
SQL>
SQL>
SQL>
